<?xml version="1.0" encoding="UTF-8"?>
<!-- Generated by org.testng.reporters.JUnitReportReporter -->
<testsuite hostname="DESKTOP-OQFUAAD" failures="0" tests="8" name="com.qa.automationpractice.tests.LoginPageTest" time="16.820" errors="0" timestamp="10 Jul 2021 18:55:29 GMT">
  <testcase classname="com.qa.automationpractice.tests.LoginPageTest" name="verifySignInLinkTest" time="0.064"/>
  <testcase classname="com.qa.automationpractice.tests.LoginPageTest" name="verifyPageTitleTest" time="0.028"/>
  <testcase classname="com.qa.automationpractice.tests.LoginPageTest" name="verifyLoginPageTitleTest" time="3.153"/>
  <testcase classname="com.qa.automationpractice.tests.LoginPageTest" name="LoginTest" time="3.714"/>
  <testcase classname="com.qa.automationpractice.tests.LoginPageTest" name="verifySignInLinkTest" time="0.088"/>
  <testcase classname="com.qa.automationpractice.tests.LoginPageTest" name="verifyLoginPageTitleTest" time="2.419"/>
  <testcase classname="com.qa.automationpractice.tests.LoginPageTest" name="LoginTest" time="7.277"/>
  <testcase classname="com.qa.automationpractice.tests.LoginPageTest" name="verifyPageTitleTest" time="0.077"/>
</testsuite> <!-- com.qa.automationpractice.tests.LoginPageTest -->
