<?xml version="1.0" encoding="UTF-8"?>
<!-- Generated by org.testng.reporters.JUnitReportReporter -->
<testsuite hostname="DESKTOP-OQFUAAD" failures="0" tests="3" name="com.qa.hubspot.tests.RegistrationPageTest" time="28.278" errors="0" timestamp="6 Jul 2021 17:25:39 GMT">
  <testcase classname="com.qa.hubspot.tests.RegistrationPageTest" name="registrationTest" time="8.343"/>
  <testcase classname="com.qa.hubspot.tests.RegistrationPageTest" name="registrationTest" time="8.366"/>
  <testcase classname="com.qa.hubspot.tests.RegistrationPageTest" name="registrationTest" time="11.569"/>
</testsuite> <!-- com.qa.hubspot.tests.RegistrationPageTest -->
