<?xml version="1.0" encoding="UTF-8"?>
<!-- Generated by org.testng.reporters.JUnitReportReporter -->
<testsuite hostname="DESKTOP-OQFUAAD" failures="0" tests="4" name="com.qa.hubspot.tests.LoginPageTest" time="8.239" errors="0" timestamp="3 Jul 2021 11:16:01 GMT">
  <testcase classname="com.qa.hubspot.tests.LoginPageTest" name="verifySignInLinkTest" time="0.115"/>
  <testcase classname="com.qa.hubspot.tests.LoginPageTest" name="verifyLoginPageTitleTest" time="2.986"/>
  <testcase classname="com.qa.hubspot.tests.LoginPageTest" name="LoginTest" time="5.071"/>
  <testcase classname="com.qa.hubspot.tests.LoginPageTest" name="verifyPageTitleTest" time="0.067"/>
</testsuite> <!-- com.qa.hubspot.tests.LoginPageTest -->
