<?xml version="1.0" encoding="UTF-8"?>
<!-- Generated by org.testng.reporters.JUnitReportReporter -->
<testsuite hostname="DESKTOP-OQFUAAD" failures="0" tests="3" name="com.qa.hubspot.tests.HomePageTest" time="13.155" errors="0" timestamp="3 Jul 2021 11:16:01 GMT">
  <testcase classname="com.qa.hubspot.tests.HomePageTest" name="verifyLoggedInUserName" time="0.047"/>
  <testcase classname="com.qa.hubspot.tests.HomePageTest" name="verifyAccountPageHeaderTest" time="5.136"/>
  <testcase classname="com.qa.hubspot.tests.HomePageTest" name="verifyHomePageTitleTest" time="7.972"/>
</testsuite> <!-- com.qa.hubspot.tests.HomePageTest -->
